<?xml version="1.0" encoding="UTF-8"?>
<testsuite name="game.controller.GameInputControllerTest" tests="0" skipped="0" failures="0" errors="0" timestamp="1970-01-01T00:00:00" hostname="Smaph" time="0.0">
  <properties/>
  <system-out><![CDATA[14:17:28.852 [Test worker] DEBUG org.springframework.test.context.junit4.SpringJUnit4ClassRunner - SpringJUnit4ClassRunner constructor called with [class game.controller.GameInputControllerTest]
14:17:28.866 [Test worker] DEBUG org.springframework.test.context.BootstrapUtils - Instantiating CacheAwareContextLoaderDelegate from class [org.springframework.test.context.cache.DefaultCacheAwareContextLoaderDelegate]
14:17:28.889 [Test worker] DEBUG org.springframework.test.context.BootstrapUtils - Instantiating BootstrapContext using constructor [public org.springframework.test.context.support.DefaultBootstrapContext(java.lang.Class,org.springframework.test.context.CacheAwareContextLoaderDelegate)]
14:17:28.943 [Test worker] DEBUG org.springframework.test.context.BootstrapUtils - Instantiating TestContextBootstrapper for test class [game.controller.GameInputControllerTest] from class [org.springframework.boot.test.autoconfigure.web.servlet.WebMvcTestContextBootstrapper]
14:17:29.015 [Test worker] INFO org.springframework.boot.test.autoconfigure.web.servlet.WebMvcTestContextBootstrapper - Neither @ContextConfiguration nor @ContextHierarchy found for test class [game.controller.GameInputControllerTest], using SpringBootContextLoader
14:17:29.029 [Test worker] DEBUG org.springframework.test.context.support.AbstractContextLoader - Did not detect default resource location for test class [game.controller.GameInputControllerTest]: class path resource [game/controller/GameInputControllerTest-context.xml] does not exist
14:17:29.030 [Test worker] DEBUG org.springframework.test.context.support.AbstractContextLoader - Did not detect default resource location for test class [game.controller.GameInputControllerTest]: class path resource [game/controller/GameInputControllerTestContext.groovy] does not exist
14:17:29.032 [Test worker] INFO org.springframework.test.context.support.AbstractContextLoader - Could not detect default resource locations for test class [game.controller.GameInputControllerTest]: no resource found for suffixes {-context.xml, Context.groovy}.
14:17:29.035 [Test worker] INFO org.springframework.test.context.support.AnnotationConfigContextLoaderUtils - Could not detect default configuration classes for test class [game.controller.GameInputControllerTest]: GameInputControllerTest does not declare any static, non-private, non-final, nested classes annotated with @Configuration.
14:17:29.253 [Test worker] DEBUG org.springframework.test.context.support.ActiveProfilesUtils - Could not find an 'annotation declaring class' for annotation type [org.springframework.test.context.ActiveProfiles] and class [game.controller.GameInputControllerTest]
14:17:29.282 [Test worker] DEBUG org.springframework.core.env.StandardEnvironment - Adding [systemProperties] PropertySource with lowest search precedence
14:17:29.283 [Test worker] DEBUG org.springframework.core.env.StandardEnvironment - Adding [systemEnvironment] PropertySource with lowest search precedence
14:17:29.284 [Test worker] DEBUG org.springframework.core.env.StandardEnvironment - Initialized StandardEnvironment with PropertySources [systemProperties,systemEnvironment]
14:17:29.313 [Test worker] DEBUG org.springframework.core.io.support.PathMatchingResourcePatternResolver - Resolved classpath location [game/controller/] to resources [URL [file:/C:/gradle/rr_group_v/build/classes/test/game/controller/], URL [file:/C:/gradle/rr_group_v/build/classes/main/game/controller/]]
14:17:29.314 [Test worker] DEBUG org.springframework.core.io.support.PathMatchingResourcePatternResolver - Looking for matching resources in directory tree [C:\gradle\rr_group_v\build\classes\test\game\controller]
14:17:29.316 [Test worker] DEBUG org.springframework.core.io.support.PathMatchingResourcePatternResolver - Searching directory [C:\gradle\rr_group_v\build\classes\test\game\controller] for files matching pattern [C:/gradle/rr_group_v/build/classes/test/game/controller/*.class]
14:17:29.324 [Test worker] DEBUG org.springframework.core.io.support.PathMatchingResourcePatternResolver - Looking for matching resources in directory tree [C:\gradle\rr_group_v\build\classes\main\game\controller]
14:17:29.325 [Test worker] DEBUG org.springframework.core.io.support.PathMatchingResourcePatternResolver - Searching directory [C:\gradle\rr_group_v\build\classes\main\game\controller] for files matching pattern [C:/gradle/rr_group_v/build/classes/main/game/controller/*.class]
14:17:29.329 [Test worker] DEBUG org.springframework.core.io.support.PathMatchingResourcePatternResolver - Resolved location pattern [classpath*:game/controller/*.class] to resources [file [C:\gradle\rr_group_v\build\classes\test\game\controller\GameInputControllerTest.class], file [C:\gradle\rr_group_v\build\classes\test\game\controller\GameOutputControllerTest.class], file [C:\gradle\rr_group_v\build\classes\main\game\controller\GameInputController.class], file [C:\gradle\rr_group_v\build\classes\main\game\controller\GameMockServer.class], file [C:\gradle\rr_group_v\build\classes\main\game\controller\GameOutputController.class], file [C:\gradle\rr_group_v\build\classes\main\game\controller\SecretContainer.class]]
14:17:29.497 [Test worker] DEBUG org.springframework.core.io.support.PathMatchingResourcePatternResolver - Resolved classpath location [game/] to resources [URL [file:/C:/gradle/rr_group_v/build/classes/test/game/], URL [file:/C:/gradle/rr_group_v/build/classes/main/game/]]
14:17:29.497 [Test worker] DEBUG org.springframework.core.io.support.PathMatchingResourcePatternResolver - Looking for matching resources in directory tree [C:\gradle\rr_group_v\build\classes\test\game]
14:17:29.497 [Test worker] DEBUG org.springframework.core.io.support.PathMatchingResourcePatternResolver - Searching directory [C:\gradle\rr_group_v\build\classes\test\game] for files matching pattern [C:/gradle/rr_group_v/build/classes/test/game/*.class]
14:17:29.498 [Test worker] DEBUG org.springframework.core.io.support.PathMatchingResourcePatternResolver - Looking for matching resources in directory tree [C:\gradle\rr_group_v\build\classes\main\game]
14:17:29.499 [Test worker] DEBUG org.springframework.core.io.support.PathMatchingResourcePatternResolver - Searching directory [C:\gradle\rr_group_v\build\classes\main\game] for files matching pattern [C:/gradle/rr_group_v/build/classes/main/game/*.class]
14:17:29.500 [Test worker] DEBUG org.springframework.core.io.support.PathMatchingResourcePatternResolver - Resolved location pattern [classpath*:game/*.class] to resources [file [C:\gradle\rr_group_v\build\classes\main\game\Application$URIBuilder.class], file [C:\gradle\rr_group_v\build\classes\main\game\Application.class]]
14:17:29.561 [Test worker] DEBUG org.springframework.context.annotation.ClassPathScanningCandidateComponentProvider - Identified candidate component class: file [C:\gradle\rr_group_v\build\classes\main\game\Application.class]
14:17:29.563 [Test worker] INFO org.springframework.boot.test.context.SpringBootTestContextBootstrapper - Found @SpringBootConfiguration game.Application for test class game.controller.GameInputControllerTest
14:17:29.568 [Test worker] DEBUG org.springframework.boot.test.autoconfigure.web.servlet.WebMvcTestContextBootstrapper - @TestExecutionListeners is not present for class [game.controller.GameInputControllerTest]: using defaults.
14:17:29.571 [Test worker] INFO org.springframework.boot.test.autoconfigure.web.servlet.WebMvcTestContextBootstrapper - Loaded default TestExecutionListener class names from location [META-INF/spring.factories]: [org.springframework.boot.test.mock.mockito.MockitoTestExecutionListener, org.springframework.boot.test.mock.mockito.ResetMocksTestExecutionListener, org.springframework.boot.test.autoconfigure.restdocs.RestDocsTestExecutionListener, org.springframework.boot.test.autoconfigure.web.client.MockRestServiceServerResetTestExecutionListener, org.springframework.boot.test.autoconfigure.web.servlet.MockMvcPrintOnlyOnFailureTestExecutionListener, org.springframework.boot.test.autoconfigure.web.servlet.WebDriverTestExecutionListener, org.springframework.test.context.web.ServletTestExecutionListener, org.springframework.test.context.support.DirtiesContextBeforeModesTestExecutionListener, org.springframework.test.context.support.DependencyInjectionTestExecutionListener, org.springframework.test.context.support.DirtiesContextTestExecutionListener, org.springframework.test.context.transaction.TransactionalTestExecutionListener, org.springframework.test.context.jdbc.SqlScriptsTestExecutionListener]
14:17:29.584 [Test worker] INFO org.springframework.boot.test.autoconfigure.web.servlet.WebMvcTestContextBootstrapper - Could not instantiate TestExecutionListener [org.springframework.test.context.transaction.TransactionalTestExecutionListener]. Specify custom listener classes or make the default listener classes (and their required dependencies) available. Offending class: [org/springframework/transaction/interceptor/TransactionAttributeSource]
14:17:29.585 [Test worker] INFO org.springframework.boot.test.autoconfigure.web.servlet.WebMvcTestContextBootstrapper - Could not instantiate TestExecutionListener [org.springframework.test.context.jdbc.SqlScriptsTestExecutionListener]. Specify custom listener classes or make the default listener classes (and their required dependencies) available. Offending class: [org/springframework/transaction/interceptor/TransactionAttribute]
14:17:29.589 [Test worker] INFO org.springframework.boot.test.autoconfigure.web.servlet.WebMvcTestContextBootstrapper - Using TestExecutionListeners: [org.springframework.test.context.web.ServletTestExecutionListener@111e40, org.springframework.test.context.support.DirtiesContextBeforeModesTestExecutionListener@1f4ee73, org.springframework.boot.test.autoconfigure.SpringBootDependencyInjectionTestExecutionListener@153b85, org.springframework.test.context.support.DirtiesContextTestExecutionListener@1fdae67, org.springframework.boot.test.autoconfigure.web.servlet.WebDriverTestExecutionListener@17a4d06, org.springframework.boot.test.mock.mockito.MockitoTestExecutionListener@1ddaeac, org.springframework.boot.test.mock.mockito.ResetMocksTestExecutionListener@496281, org.springframework.boot.test.autoconfigure.web.servlet.MockMvcPrintOnlyOnFailureTestExecutionListener@db6779, org.springframework.boot.test.autoconfigure.web.client.MockRestServiceServerResetTestExecutionListener@18e1699, org.springframework.boot.test.autoconfigure.restdocs.RestDocsTestExecutionListener@17e668a]
14:17:29.602 [Test worker] DEBUG org.springframework.test.annotation.ProfileValueUtils - Retrieved @ProfileValueSourceConfiguration [null] for test class [game.controller.GameInputControllerTest]
14:17:29.603 [Test worker] DEBUG org.springframework.test.annotation.ProfileValueUtils - Retrieved ProfileValueSource type [class org.springframework.test.annotation.SystemProfileValueSource] for class [game.controller.GameInputControllerTest]
]]></system-out>
  <system-err><![CDATA[]]></system-err>
</testsuite>
